Compilation failed:
    source file: 'D:/RoadConApp/node_modules/opencv-build/opencv/opencv/cmake/checks/cpu_avx512.cpp'
    check option: '    '
===== BUILD LOG =====
Change Dir: D:/RoadConApp/node_modules/opencv-build/opencv/build/CMakeFiles/CMakeTmp

Run Build Command:"D:/Microsoft Visual Studio/2017/Community/MSBuild/15.0/Bin/MSBuild.exe" "cmTC_30c65.vcxproj" "/p:Configuration=Release" "/p:Platform=x64" "/p:VisualStudioVersion=15.0"
Microsoft (R) Build Engine version 15.9.20+g88f5fadfbe for .NET Framework
Copyright (C) Microsoft Corporation. All rights reserved.

Build started 25/11/2018 11:34:20 PM.
Project "D:\RoadConApp\node_modules\opencv-build\opencv\build\CMakeFiles\CMakeTmp\cmTC_30c65.vcxproj" on node 1 (default targets).
PrepareForBuild:
  Creating directory "cmTC_30c65.dir\Release\".
  Creating directory "D:\RoadConApp\node_modules\opencv-build\opencv\build\CMakeFiles\CMakeTmp\Release\".
  Creating directory "cmTC_30c65.dir\Release\cmTC_30c65.tlog\".
InitializeBuildStatus:
  Creating "cmTC_30c65.dir\Release\cmTC_30c65.tlog\unsuccessfulbuild" because "AlwaysCreate" was specified.
ClCompile:
  D:\Microsoft Visual Studio\2017\Community\VC\Tools\MSVC\14.16.27023\bin\HostX86\x64\CL.exe /c /W3 /WX- /diagnostics:classic /O2 /Ob2 /D WIN32 /D _WINDOWS /D NDEBUG /D "CMAKE_INTDIR=\"Release\"" /D _MBCS /Gm- /EHsc /MD /GS /fp:precise /Zc:wchar_t /Zc:forScope /Zc:inline /GR /Fo"cmTC_30c65.dir\Release\\" /Fd"cmTC_30c65.dir\Release\vc141.pdb" /Gd /TP /errorReport:queue "D:\RoadConApp\node_modules\opencv-build\opencv\opencv\cmake\checks\cpu_avx512.cpp"
  Microsoft (R) C/C++ Optimizing Compiler Version 19.16.27024.1 for x64
  Copyright (C) Microsoft Corporation.  All rights reserved.
  
  cl /c /W3 /WX- /diagnostics:classic /O2 /Ob2 /D WIN32 /D _WINDOWS /D NDEBUG /D "CMAKE_INTDIR=\"Release\"" /D _MBCS /Gm- /EHsc /MD /GS /fp:precise /Zc:wchar_t /Zc:forScope /Zc:inline /GR /Fo"cmTC_30c65.dir\Release\\" /Fd"cmTC_30c65.dir\Release\vc141.pdb" /Gd /TP /errorReport:queue "D:\RoadConApp\node_modules\opencv-build\opencv\opencv\cmake\checks\cpu_avx512.cpp"
  cpu_avx512.cpp
  
D:\RoadConApp\node_modules\opencv-build\opencv\opencv\cmake\checks\cpu_avx512.cpp(11): fatal error C1189: #error:  "AVX512 is not supported" [D:\RoadConApp\node_modules\opencv-build\opencv\build\CMakeFiles\CMakeTmp\cmTC_30c65.vcxproj]
Done Building Project "D:\RoadConApp\node_modules\opencv-build\opencv\build\CMakeFiles\CMakeTmp\cmTC_30c65.vcxproj" (default targets) -- FAILED.

Build FAILED.

"D:\RoadConApp\node_modules\opencv-build\opencv\build\CMakeFiles\CMakeTmp\cmTC_30c65.vcxproj" (default target) (1) ->
(ClCompile target) -> 
  D:\RoadConApp\node_modules\opencv-build\opencv\opencv\cmake\checks\cpu_avx512.cpp(11): fatal error C1189: #error:  "AVX512 is not supported" [D:\RoadConApp\node_modules\opencv-build\opencv\build\CMakeFiles\CMakeTmp\cmTC_30c65.vcxproj]

    0 Warning(s)
    1 Error(s)

Time Elapsed 00:00:00.41

===== END =====

Compilation failed:
    source file: 'D:/RoadConApp/node_modules/opencv-build/opencv/opencv/cmake/checks/cpu_avx512skx.cpp'
    check option: '    '
===== BUILD LOG =====
Change Dir: D:/RoadConApp/node_modules/opencv-build/opencv/build/CMakeFiles/CMakeTmp

Run Build Command:"D:/Microsoft Visual Studio/2017/Community/MSBuild/15.0/Bin/MSBuild.exe" "cmTC_1592d.vcxproj" "/p:Configuration=Release" "/p:Platform=x64" "/p:VisualStudioVersion=15.0"
Microsoft (R) Build Engine version 15.9.20+g88f5fadfbe for .NET Framework
Copyright (C) Microsoft Corporation. All rights reserved.

Build started 25/11/2018 11:34:21 PM.
Project "D:\RoadConApp\node_modules\opencv-build\opencv\build\CMakeFiles\CMakeTmp\cmTC_1592d.vcxproj" on node 1 (default targets).
PrepareForBuild:
  Creating directory "cmTC_1592d.dir\Release\".
  Creating directory "D:\RoadConApp\node_modules\opencv-build\opencv\build\CMakeFiles\CMakeTmp\Release\".
  Creating directory "cmTC_1592d.dir\Release\cmTC_1592d.tlog\".
InitializeBuildStatus:
  Creating "cmTC_1592d.dir\Release\cmTC_1592d.tlog\unsuccessfulbuild" because "AlwaysCreate" was specified.
ClCompile:
  D:\Microsoft Visual Studio\2017\Community\VC\Tools\MSVC\14.16.27023\bin\HostX86\x64\CL.exe /c /W3 /WX- /diagnostics:classic /O2 /Ob2 /D WIN32 /D _WINDOWS /D NDEBUG /D "CMAKE_INTDIR=\"Release\"" /D _MBCS /Gm- /EHsc /MD /GS /fp:precise /Zc:wchar_t /Zc:forScope /Zc:inline /GR /Fo"cmTC_1592d.dir\Release\\" /Fd"cmTC_1592d.dir\Release\vc141.pdb" /Gd /TP /errorReport:queue "D:\RoadConApp\node_modules\opencv-build\opencv\opencv\cmake\checks\cpu_avx512skx.cpp"
  Microsoft (R) C/C++ Optimizing Compiler Version 19.16.27024.1 for x64
  Copyright (C) Microsoft Corporation.  All rights reserved.
  
  cl /c /W3 /WX- /diagnostics:classic /O2 /Ob2 /D WIN32 /D _WINDOWS /D NDEBUG /D "CMAKE_INTDIR=\"Release\"" /D _MBCS /Gm- /EHsc /MD /GS /fp:precise /Zc:wchar_t /Zc:forScope /Zc:inline /GR /Fo"cmTC_1592d.dir\Release\\" /Fd"cmTC_1592d.dir\Release\vc141.pdb" /Gd /TP /errorReport:queue "D:\RoadConApp\node_modules\opencv-build\opencv\opencv\cmake\checks\cpu_avx512skx.cpp"
  cpu_avx512skx.cpp
  
D:\RoadConApp\node_modules\opencv-build\opencv\opencv\cmake\checks\cpu_avx512skx.cpp(15): fatal error C1189: #error:  "AVX512-SKX is not supported" [D:\RoadConApp\node_modules\opencv-build\opencv\build\CMakeFiles\CMakeTmp\cmTC_1592d.vcxproj]
Done Building Project "D:\RoadConApp\node_modules\opencv-build\opencv\build\CMakeFiles\CMakeTmp\cmTC_1592d.vcxproj" (default targets) -- FAILED.

Build FAILED.

"D:\RoadConApp\node_modules\opencv-build\opencv\build\CMakeFiles\CMakeTmp\cmTC_1592d.vcxproj" (default target) (1) ->
(ClCompile target) -> 
  D:\RoadConApp\node_modules\opencv-build\opencv\opencv\cmake\checks\cpu_avx512skx.cpp(15): fatal error C1189: #error:  "AVX512-SKX is not supported" [D:\RoadConApp\node_modules\opencv-build\opencv\build\CMakeFiles\CMakeTmp\cmTC_1592d.vcxproj]

    0 Warning(s)
    1 Error(s)

Time Elapsed 00:00:00.30

===== END =====

Determining if the function fseeko exists failed with the following output:
Change Dir: D:/RoadConApp/node_modules/opencv-build/opencv/build/CMakeFiles/CMakeTmp

Run Build Command:"D:/Microsoft Visual Studio/2017/Community/MSBuild/15.0/Bin/MSBuild.exe" "cmTC_e0f46.vcxproj" "/p:Configuration=Release" "/p:Platform=x64" "/p:VisualStudioVersion=15.0"
Microsoft (R) Build Engine version 15.9.20+g88f5fadfbe for .NET Framework
Copyright (C) Microsoft Corporation. All rights reserved.

Build started 25/11/2018 11:34:31 PM.
Project "D:\RoadConApp\node_modules\opencv-build\opencv\build\CMakeFiles\CMakeTmp\cmTC_e0f46.vcxproj" on node 1 (default targets).
PrepareForBuild:
  Creating directory "cmTC_e0f46.dir\Release\".
  Creating directory "D:\RoadConApp\node_modules\opencv-build\opencv\build\CMakeFiles\CMakeTmp\Release\".
  Creating directory "cmTC_e0f46.dir\Release\cmTC_e0f46.tlog\".
InitializeBuildStatus:
  Creating "cmTC_e0f46.dir\Release\cmTC_e0f46.tlog\unsuccessfulbuild" because "AlwaysCreate" was specified.
ClCompile:
  D:\Microsoft Visual Studio\2017\Community\VC\Tools\MSVC\14.16.27023\bin\HostX86\x64\CL.exe /c /W3 /WX- /diagnostics:classic /MP12 /O2 /Ob2 /Oi /D WIN32 /D _WINDOWS /D _CRT_SECURE_NO_DEPRECATE /D _CRT_NONSTDC_NO_DEPRECATE /D _SCL_SECURE_NO_WARNINGS /D CHECK_FUNCTION_EXISTS=fseeko /D NDEBUG /D "CMAKE_INTDIR=\"Release\"" /D _MBCS /Gm- /MD /GS /Gy /fp:precise /Zc:wchar_t /Zc:forScope /Zc:inline /Fo"cmTC_e0f46.dir\Release\\" /Fd"cmTC_e0f46.dir\Release\vc141.pdb" /Gd /TC /errorReport:queue  /bigobj "D:\CMake\share\cmake-3.13\Modules\CheckFunctionExists.c"
  Microsoft (R) C/C++ Optimizing Compiler Version 19.16.27024.1 for x64
  Copyright (C) Microsoft Corporation.  All rights reserved.
  
  cl /c /W3 /WX- /diagnostics:classic /MP12 /O2 /Ob2 /Oi /D WIN32 /D _WINDOWS /D _CRT_SECURE_NO_DEPRECATE /D _CRT_NONSTDC_NO_DEPRECATE /D _SCL_SECURE_NO_WARNINGS /D CHECK_FUNCTION_EXISTS=fseeko /D NDEBUG /D "CMAKE_INTDIR=\"Release\"" /D _MBCS /Gm- /MD /GS /Gy /fp:precise /Zc:wchar_t /Zc:forScope /Zc:inline /Fo"cmTC_e0f46.dir\Release\\" /Fd"cmTC_e0f46.dir\Release\vc141.pdb" /Gd /TC /errorReport:queue  /bigobj "D:\CMake\share\cmake-3.13\Modules\CheckFunctionExists.c"
  CheckFunctionExists.c
  
Link:
  D:\Microsoft Visual Studio\2017\Community\VC\Tools\MSVC\14.16.27023\bin\HostX86\x64\link.exe /ERRORREPORT:QUEUE /OUT:"D:\RoadConApp\node_modules\opencv-build\opencv\build\CMakeFiles\CMakeTmp\Release\cmTC_e0f46.exe" /INCREMENTAL:NO /NOLOGO kernel32.lib user32.lib gdi32.lib winspool.lib shell32.lib ole32.lib oleaut32.lib uuid.lib comdlg32.lib advapi32.lib /MANIFEST /MANIFESTUAC:"level='asInvoker' uiAccess='false'" /manifest:embed /PDB:"D:/RoadConApp/node_modules/opencv-build/opencv/build/CMakeFiles/CMakeTmp/Release/cmTC_e0f46.pdb" /SUBSYSTEM:CONSOLE /TLBID:1 /DYNAMICBASE /NXCOMPAT /IMPLIB:"D:/RoadConApp/node_modules/opencv-build/opencv/build/CMakeFiles/CMakeTmp/Release/cmTC_e0f46.lib" /MACHINE:X64  /machine:x64 cmTC_e0f46.dir\Release\CheckFunctionExists.obj
CheckFunctionExists.obj : error LNK2019: unresolved external symbol fseeko referenced in function main [D:\RoadConApp\node_modules\opencv-build\opencv\build\CMakeFiles\CMakeTmp\cmTC_e0f46.vcxproj]
D:\RoadConApp\node_modules\opencv-build\opencv\build\CMakeFiles\CMakeTmp\Release\cmTC_e0f46.exe : fatal error LNK1120: 1 unresolved externals [D:\RoadConApp\node_modules\opencv-build\opencv\build\CMakeFiles\CMakeTmp\cmTC_e0f46.vcxproj]
Done Building Project "D:\RoadConApp\node_modules\opencv-build\opencv\build\CMakeFiles\CMakeTmp\cmTC_e0f46.vcxproj" (default targets) -- FAILED.

Build FAILED.

"D:\RoadConApp\node_modules\opencv-build\opencv\build\CMakeFiles\CMakeTmp\cmTC_e0f46.vcxproj" (default target) (1) ->
(Link target) -> 
  CheckFunctionExists.obj : error LNK2019: unresolved external symbol fseeko referenced in function main [D:\RoadConApp\node_modules\opencv-build\opencv\build\CMakeFiles\CMakeTmp\cmTC_e0f46.vcxproj]
  D:\RoadConApp\node_modules\opencv-build\opencv\build\CMakeFiles\CMakeTmp\Release\cmTC_e0f46.exe : fatal error LNK1120: 1 unresolved externals [D:\RoadConApp\node_modules\opencv-build\opencv\build\CMakeFiles\CMakeTmp\cmTC_e0f46.vcxproj]

    0 Warning(s)
    2 Error(s)

Time Elapsed 00:00:00.66


Determining size of off64_t failed with the following output:
Change Dir: D:/RoadConApp/node_modules/opencv-build/opencv/build/CMakeFiles/CMakeTmp

Run Build Command:"D:/Microsoft Visual Studio/2017/Community/MSBuild/15.0/Bin/MSBuild.exe" "cmTC_3b5a1.vcxproj" "/p:Configuration=Release" "/p:Platform=x64" "/p:VisualStudioVersion=15.0"
Microsoft (R) Build Engine version 15.9.20+g88f5fadfbe for .NET Framework
Copyright (C) Microsoft Corporation. All rights reserved.

Build started 25/11/2018 11:34:32 PM.
Project "D:\RoadConApp\node_modules\opencv-build\opencv\build\CMakeFiles\CMakeTmp\cmTC_3b5a1.vcxproj" on node 1 (default targets).
PrepareForBuild:
  Creating directory "cmTC_3b5a1.dir\Release\".
  Creating directory "D:\RoadConApp\node_modules\opencv-build\opencv\build\CMakeFiles\CMakeTmp\Release\".
  Creating directory "cmTC_3b5a1.dir\Release\cmTC_3b5a1.tlog\".
InitializeBuildStatus:
  Creating "cmTC_3b5a1.dir\Release\cmTC_3b5a1.tlog\unsuccessfulbuild" because "AlwaysCreate" was specified.
ClCompile:
  D:\Microsoft Visual Studio\2017\Community\VC\Tools\MSVC\14.16.27023\bin\HostX86\x64\CL.exe /c /W3 /WX- /diagnostics:classic /MP12 /O2 /Ob2 /Oi /D WIN32 /D _WINDOWS /D _CRT_SECURE_NO_DEPRECATE /D _CRT_NONSTDC_NO_DEPRECATE /D _SCL_SECURE_NO_WARNINGS /D NDEBUG /D "CMAKE_INTDIR=\"Release\"" /D _MBCS /Gm- /MD /GS /Gy /fp:precise /Zc:wchar_t /Zc:forScope /Zc:inline /Fo"cmTC_3b5a1.dir\Release\\" /Fd"cmTC_3b5a1.dir\Release\vc141.pdb" /Gd /TC /errorReport:queue  /bigobj "D:\RoadConApp\node_modules\opencv-build\opencv\build\CMakeFiles\CheckTypeSize\OFF64_T.c"
  Microsoft (R) C/C++ Optimizing Compiler Version 19.16.27024.1 for x64
  Copyright (C) Microsoft Corporation.  All rights reserved.
  
  cl /c /W3 /WX- /diagnostics:classic /MP12 /O2 /Ob2 /Oi /D WIN32 /D _WINDOWS /D _CRT_SECURE_NO_DEPRECATE /D _CRT_NONSTDC_NO_DEPRECATE /D _SCL_SECURE_NO_WARNINGS /D NDEBUG /D "CMAKE_INTDIR=\"Release\"" /D _MBCS /Gm- /MD /GS /Gy /fp:precise /Zc:wchar_t /Zc:forScope /Zc:inline /Fo"cmTC_3b5a1.dir\Release\\" /Fd"cmTC_3b5a1.dir\Release\vc141.pdb" /Gd /TC /errorReport:queue  /bigobj "D:\RoadConApp\node_modules\opencv-build\opencv\build\CMakeFiles\CheckTypeSize\OFF64_T.c"
  OFF64_T.c
  
D:\RoadConApp\node_modules\opencv-build\opencv\build\CMakeFiles\CheckTypeSize\OFF64_T.c(25): error C2065: 'off64_t': undeclared identifier [D:\RoadConApp\node_modules\opencv-build\opencv\build\CMakeFiles\CMakeTmp\cmTC_3b5a1.vcxproj]
D:\RoadConApp\node_modules\opencv-build\opencv\build\CMakeFiles\CheckTypeSize\OFF64_T.c(26): error C2065: 'off64_t': undeclared identifier [D:\RoadConApp\node_modules\opencv-build\opencv\build\CMakeFiles\CMakeTmp\cmTC_3b5a1.vcxproj]
D:\RoadConApp\node_modules\opencv-build\opencv\build\CMakeFiles\CheckTypeSize\OFF64_T.c(27): error C2065: 'off64_t': undeclared identifier [D:\RoadConApp\node_modules\opencv-build\opencv\build\CMakeFiles\CMakeTmp\cmTC_3b5a1.vcxproj]
D:\RoadConApp\node_modules\opencv-build\opencv\build\CMakeFiles\CheckTypeSize\OFF64_T.c(28): error C2065: 'off64_t': undeclared identifier [D:\RoadConApp\node_modules\opencv-build\opencv\build\CMakeFiles\CMakeTmp\cmTC_3b5a1.vcxproj]
D:\RoadConApp\node_modules\opencv-build\opencv\build\CMakeFiles\CheckTypeSize\OFF64_T.c(29): error C2065: 'off64_t': undeclared identifier [D:\RoadConApp\node_modules\opencv-build\opencv\build\CMakeFiles\CMakeTmp\cmTC_3b5a1.vcxproj]
Done Building Project "D:\RoadConApp\node_modules\opencv-build\opencv\build\CMakeFiles\CMakeTmp\cmTC_3b5a1.vcxproj" (default targets) -- FAILED.

Build FAILED.

"D:\RoadConApp\node_modules\opencv-build\opencv\build\CMakeFiles\CMakeTmp\cmTC_3b5a1.vcxproj" (default target) (1) ->
(ClCompile target) -> 
  D:\RoadConApp\node_modules\opencv-build\opencv\build\CMakeFiles\CheckTypeSize\OFF64_T.c(25): error C2065: 'off64_t': undeclared identifier [D:\RoadConApp\node_modules\opencv-build\opencv\build\CMakeFiles\CMakeTmp\cmTC_3b5a1.vcxproj]
  D:\RoadConApp\node_modules\opencv-build\opencv\build\CMakeFiles\CheckTypeSize\OFF64_T.c(26): error C2065: 'off64_t': undeclared identifier [D:\RoadConApp\node_modules\opencv-build\opencv\build\CMakeFiles\CMakeTmp\cmTC_3b5a1.vcxproj]
  D:\RoadConApp\node_modules\opencv-build\opencv\build\CMakeFiles\CheckTypeSize\OFF64_T.c(27): error C2065: 'off64_t': undeclared identifier [D:\RoadConApp\node_modules\opencv-build\opencv\build\CMakeFiles\CMakeTmp\cmTC_3b5a1.vcxproj]
  D:\RoadConApp\node_modules\opencv-build\opencv\build\CMakeFiles\CheckTypeSize\OFF64_T.c(28): error C2065: 'off64_t': undeclared identifier [D:\RoadConApp\node_modules\opencv-build\opencv\build\CMakeFiles\CMakeTmp\cmTC_3b5a1.vcxproj]
  D:\RoadConApp\node_modules\opencv-build\opencv\build\CMakeFiles\CheckTypeSize\OFF64_T.c(29): error C2065: 'off64_t': undeclared identifier [D:\RoadConApp\node_modules\opencv-build\opencv\build\CMakeFiles\CMakeTmp\cmTC_3b5a1.vcxproj]

    0 Warning(s)
    5 Error(s)

Time Elapsed 00:00:00.34

D:/RoadConApp/node_modules/opencv-build/opencv/build/CMakeFiles/CheckTypeSize/OFF64_T.c:
#include <sys/types.h>
#include <stdint.h>
#include <stddef.h>


#undef KEY
#if defined(__i386)
# define KEY '_','_','i','3','8','6'
#elif defined(__x86_64)
# define KEY '_','_','x','8','6','_','6','4'
#elif defined(__ppc__)
# define KEY '_','_','p','p','c','_','_'
#elif defined(__ppc64__)
# define KEY '_','_','p','p','c','6','4','_','_'
#elif defined(__aarch64__)
# define KEY '_','_','a','a','r','c','h','6','4','_','_'
#elif defined(__ARM_ARCH_7A__)
# define KEY '_','_','A','R','M','_','A','R','C','H','_','7','A','_','_'
#elif defined(__ARM_ARCH_7S__)
# define KEY '_','_','A','R','M','_','A','R','C','H','_','7','S','_','_'
#endif

#define SIZE (sizeof(off64_t))
char info_size[] =  {'I', 'N', 'F', 'O', ':', 's','i','z','e','[',
  ('0' + ((SIZE / 10000)%10)),
  ('0' + ((SIZE / 1000)%10)),
  ('0' + ((SIZE / 100)%10)),
  ('0' + ((SIZE / 10)%10)),
  ('0' +  (SIZE    % 10)),
  ']',
#ifdef KEY
  ' ','k','e','y','[', KEY, ']',
#endif
  '\0'};

#ifdef __CLASSIC_C__
int main(argc, argv) int argc; char *argv[];
#else
int main(int argc, char *argv[])
#endif
{
  int require = 0;
  require += info_size[argc];
  (void)argv;
  return require;
}


Determining if the function memmove exists failed with the following output:
Change Dir: D:/RoadConApp/node_modules/opencv-build/opencv/build/CMakeFiles/CMakeTmp

Run Build Command:"D:/Microsoft Visual Studio/2017/Community/MSBuild/15.0/Bin/MSBuild.exe" "cmTC_5b012.vcxproj" "/p:Configuration=Release" "/p:Platform=x64" "/p:VisualStudioVersion=15.0"
Microsoft (R) Build Engine version 15.9.20+g88f5fadfbe for .NET Framework
Copyright (C) Microsoft Corporation. All rights reserved.

Build started 25/11/2018 11:34:57 PM.
Project "D:\RoadConApp\node_modules\opencv-build\opencv\build\CMakeFiles\CMakeTmp\cmTC_5b012.vcxproj" on node 1 (default targets).
PrepareForBuild:
  Creating directory "cmTC_5b012.dir\Release\".
  Creating directory "D:\RoadConApp\node_modules\opencv-build\opencv\build\CMakeFiles\CMakeTmp\Release\".
  Creating directory "cmTC_5b012.dir\Release\cmTC_5b012.tlog\".
InitializeBuildStatus:
  Creating "cmTC_5b012.dir\Release\cmTC_5b012.tlog\unsuccessfulbuild" because "AlwaysCreate" was specified.
ClCompile:
  D:\Microsoft Visual Studio\2017\Community\VC\Tools\MSVC\14.16.27023\bin\HostX86\x64\CL.exe /c /W3 /WX- /diagnostics:classic /MP12 /O2 /Ob2 /Oi /D WIN32 /D _WINDOWS /D _CRT_SECURE_NO_DEPRECATE /D _CRT_NONSTDC_NO_DEPRECATE /D _SCL_SECURE_NO_WARNINGS /D CHECK_FUNCTION_EXISTS=memmove /D NDEBUG /D "CMAKE_INTDIR=\"Release\"" /D _MBCS /Gm- /MD /GS /Gy /fp:precise /Zc:wchar_t /Zc:forScope /Zc:inline /Fo"cmTC_5b012.dir\Release\\" /Fd"cmTC_5b012.dir\Release\vc141.pdb" /Gd /TC /errorReport:queue  /bigobj "D:\CMake\share\cmake-3.13\Modules\CheckFunctionExists.c"
  Microsoft (R) C/C++ Optimizing Compiler Version 19.16.27024.1 for x64
  Copyright (C) Microsoft Corporation.  All rights reserved.
  
  cl /c /W3 /WX- /diagnostics:classic /MP12 /O2 /Ob2 /Oi /D WIN32 /D _WINDOWS /D _CRT_SECURE_NO_DEPRECATE /D _CRT_NONSTDC_NO_DEPRECATE /D _SCL_SECURE_NO_WARNINGS /D CHECK_FUNCTION_EXISTS=memmove /D NDEBUG /D "CMAKE_INTDIR=\"Release\"" /D _MBCS /Gm- /MD /GS /Gy /fp:precise /Zc:wchar_t /Zc:forScope /Zc:inline /Fo"cmTC_5b012.dir\Release\\" /Fd"cmTC_5b012.dir\Release\vc141.pdb" /Gd /TC /errorReport:queue  /bigobj "D:\CMake\share\cmake-3.13\Modules\CheckFunctionExists.c"
  CheckFunctionExists.c
  
D:\CMake\share\cmake-3.13\Modules\CheckFunctionExists.c(7): warning C4391: 'char memmove(void)': incorrect return type for intrinsic function, expected 'void' [D:\RoadConApp\node_modules\opencv-build\opencv\build\CMakeFiles\CMakeTmp\cmTC_5b012.vcxproj]
D:\CMake\share\cmake-3.13\Modules\CheckFunctionExists.c(7): warning C4392: 'char memmove(void)': incorrect number of arguments for intrinsic function, expected '3' arguments [D:\RoadConApp\node_modules\opencv-build\opencv\build\CMakeFiles\CMakeTmp\cmTC_5b012.vcxproj]
D:\CMake\share\cmake-3.13\Modules\CheckFunctionExists.c(17): error C2168: 'memmove': too few actual parameters for intrinsic function [D:\RoadConApp\node_modules\opencv-build\opencv\build\CMakeFiles\CMakeTmp\cmTC_5b012.vcxproj]
Done Building Project "D:\RoadConApp\node_modules\opencv-build\opencv\build\CMakeFiles\CMakeTmp\cmTC_5b012.vcxproj" (default targets) -- FAILED.

Build FAILED.

"D:\RoadConApp\node_modules\opencv-build\opencv\build\CMakeFiles\CMakeTmp\cmTC_5b012.vcxproj" (default target) (1) ->
(ClCompile target) -> 
  D:\CMake\share\cmake-3.13\Modules\CheckFunctionExists.c(7): warning C4391: 'char memmove(void)': incorrect return type for intrinsic function, expected 'void' [D:\RoadConApp\node_modules\opencv-build\opencv\build\CMakeFiles\CMakeTmp\cmTC_5b012.vcxproj]
  D:\CMake\share\cmake-3.13\Modules\CheckFunctionExists.c(7): warning C4392: 'char memmove(void)': incorrect number of arguments for intrinsic function, expected '3' arguments [D:\RoadConApp\node_modules\opencv-build\opencv\build\CMakeFiles\CMakeTmp\cmTC_5b012.vcxproj]


"D:\RoadConApp\node_modules\opencv-build\opencv\build\CMakeFiles\CMakeTmp\cmTC_5b012.vcxproj" (default target) (1) ->
(ClCompile target) -> 
  D:\CMake\share\cmake-3.13\Modules\CheckFunctionExists.c(17): error C2168: 'memmove': too few actual parameters for intrinsic function [D:\RoadConApp\node_modules\opencv-build\opencv\build\CMakeFiles\CMakeTmp\cmTC_5b012.vcxproj]

    2 Warning(s)
    1 Error(s)

Time Elapsed 00:00:00.30


Determining if the function strcasecmp exists failed with the following output:
Change Dir: D:/RoadConApp/node_modules/opencv-build/opencv/build/CMakeFiles/CMakeTmp

Run Build Command:"D:/Microsoft Visual Studio/2017/Community/MSBuild/15.0/Bin/MSBuild.exe" "cmTC_45383.vcxproj" "/p:Configuration=Release" "/p:Platform=x64" "/p:VisualStudioVersion=15.0"
Microsoft (R) Build Engine version 15.9.20+g88f5fadfbe for .NET Framework
Copyright (C) Microsoft Corporation. All rights reserved.

Build started 25/11/2018 11:34:59 PM.
Project "D:\RoadConApp\node_modules\opencv-build\opencv\build\CMakeFiles\CMakeTmp\cmTC_45383.vcxproj" on node 1 (default targets).
PrepareForBuild:
  Creating directory "cmTC_45383.dir\Release\".
  Creating directory "D:\RoadConApp\node_modules\opencv-build\opencv\build\CMakeFiles\CMakeTmp\Release\".
  Creating directory "cmTC_45383.dir\Release\cmTC_45383.tlog\".
InitializeBuildStatus:
  Creating "cmTC_45383.dir\Release\cmTC_45383.tlog\unsuccessfulbuild" because "AlwaysCreate" was specified.
ClCompile:
  D:\Microsoft Visual Studio\2017\Community\VC\Tools\MSVC\14.16.27023\bin\HostX86\x64\CL.exe /c /W3 /WX- /diagnostics:classic /MP12 /O2 /Ob2 /Oi /D WIN32 /D _WINDOWS /D _CRT_SECURE_NO_DEPRECATE /D _CRT_NONSTDC_NO_DEPRECATE /D _SCL_SECURE_NO_WARNINGS /D CHECK_FUNCTION_EXISTS=strcasecmp /D NDEBUG /D "CMAKE_INTDIR=\"Release\"" /D _MBCS /Gm- /MD /GS /Gy /fp:precise /Zc:wchar_t /Zc:forScope /Zc:inline /Fo"cmTC_45383.dir\Release\\" /Fd"cmTC_45383.dir\Release\vc141.pdb" /Gd /TC /errorReport:queue  /bigobj "D:\CMake\share\cmake-3.13\Modules\CheckFunctionExists.c"
  Microsoft (R) C/C++ Optimizing Compiler Version 19.16.27024.1 for x64
  Copyright (C) Microsoft Corporation.  All rights reserved.
  
  cl /c /W3 /WX- /diagnostics:classic /MP12 /O2 /Ob2 /Oi /D WIN32 /D _WINDOWS /D _CRT_SECURE_NO_DEPRECATE /D _CRT_NONSTDC_NO_DEPRECATE /D _SCL_SECURE_NO_WARNINGS /D CHECK_FUNCTION_EXISTS=strcasecmp /D NDEBUG /D "CMAKE_INTDIR=\"Release\"" /D _MBCS /Gm- /MD /GS /Gy /fp:precise /Zc:wchar_t /Zc:forScope /Zc:inline /Fo"cmTC_45383.dir\Release\\" /Fd"cmTC_45383.dir\Release\vc141.pdb" /Gd /TC /errorReport:queue  /bigobj "D:\CMake\share\cmake-3.13\Modules\CheckFunctionExists.c"
  CheckFunctionExists.c
  
Link:
  D:\Microsoft Visual Studio\2017\Community\VC\Tools\MSVC\14.16.27023\bin\HostX86\x64\link.exe /ERRORREPORT:QUEUE /OUT:"D:\RoadConApp\node_modules\opencv-build\opencv\build\CMakeFiles\CMakeTmp\Release\cmTC_45383.exe" /INCREMENTAL:NO /NOLOGO kernel32.lib user32.lib gdi32.lib winspool.lib shell32.lib ole32.lib oleaut32.lib uuid.lib comdlg32.lib advapi32.lib /MANIFEST /MANIFESTUAC:"level='asInvoker' uiAccess='false'" /manifest:embed /PDB:"D:/RoadConApp/node_modules/opencv-build/opencv/build/CMakeFiles/CMakeTmp/Release/cmTC_45383.pdb" /SUBSYSTEM:CONSOLE /TLBID:1 /DYNAMICBASE /NXCOMPAT /IMPLIB:"D:/RoadConApp/node_modules/opencv-build/opencv/build/CMakeFiles/CMakeTmp/Release/cmTC_45383.lib" /MACHINE:X64  /machine:x64 cmTC_45383.dir\Release\CheckFunctionExists.obj
CheckFunctionExists.obj : error LNK2019: unresolved external symbol strcasecmp referenced in function main [D:\RoadConApp\node_modules\opencv-build\opencv\build\CMakeFiles\CMakeTmp\cmTC_45383.vcxproj]
D:\RoadConApp\node_modules\opencv-build\opencv\build\CMakeFiles\CMakeTmp\Release\cmTC_45383.exe : fatal error LNK1120: 1 unresolved externals [D:\RoadConApp\node_modules\opencv-build\opencv\build\CMakeFiles\CMakeTmp\cmTC_45383.vcxproj]
Done Building Project "D:\RoadConApp\node_modules\opencv-build\opencv\build\CMakeFiles\CMakeTmp\cmTC_45383.vcxproj" (default targets) -- FAILED.

Build FAILED.

"D:\RoadConApp\node_modules\opencv-build\opencv\build\CMakeFiles\CMakeTmp\cmTC_45383.vcxproj" (default target) (1) ->
(Link target) -> 
  CheckFunctionExists.obj : error LNK2019: unresolved external symbol strcasecmp referenced in function main [D:\RoadConApp\node_modules\opencv-build\opencv\build\CMakeFiles\CMakeTmp\cmTC_45383.vcxproj]
  D:\RoadConApp\node_modules\opencv-build\opencv\build\CMakeFiles\CMakeTmp\Release\cmTC_45383.exe : fatal error LNK1120: 1 unresolved externals [D:\RoadConApp\node_modules\opencv-build\opencv\build\CMakeFiles\CMakeTmp\cmTC_45383.vcxproj]

    0 Warning(s)
    2 Error(s)

Time Elapsed 00:00:00.87


Determining if the function sgemm_ exists failed with the following output:
Change Dir: D:/RoadConApp/node_modules/opencv-build/opencv/build/CMakeFiles/CMakeTmp

Run Build Command:"D:/Microsoft Visual Studio/2017/Community/MSBuild/15.0/Bin/MSBuild.exe" "cmTC_07909.vcxproj" "/p:Configuration=Release" "/p:Platform=x64" "/p:VisualStudioVersion=15.0"
Microsoft (R) Build Engine version 15.9.20+g88f5fadfbe for .NET Framework
Copyright (C) Microsoft Corporation. All rights reserved.

Build started 25/11/2018 11:35:33 PM.
Project "D:\RoadConApp\node_modules\opencv-build\opencv\build\CMakeFiles\CMakeTmp\cmTC_07909.vcxproj" on node 1 (default targets).
PrepareForBuild:
  Creating directory "cmTC_07909.dir\Release\".
  Creating directory "D:\RoadConApp\node_modules\opencv-build\opencv\build\CMakeFiles\CMakeTmp\Release\".
  Creating directory "cmTC_07909.dir\Release\cmTC_07909.tlog\".
InitializeBuildStatus:
  Creating "cmTC_07909.dir\Release\cmTC_07909.tlog\unsuccessfulbuild" because "AlwaysCreate" was specified.
ClCompile:
  D:\Microsoft Visual Studio\2017\Community\VC\Tools\MSVC\14.16.27023\bin\HostX86\x64\CL.exe /c /W3 /WX- /diagnostics:classic /MP12 /O2 /Ob2 /Oi /D WIN32 /D _WINDOWS /D _CRT_SECURE_NO_DEPRECATE /D _CRT_NONSTDC_NO_DEPRECATE /D _SCL_SECURE_NO_WARNINGS /D CHECK_FUNCTION_EXISTS=sgemm_ /D NDEBUG /D "CMAKE_INTDIR=\"Release\"" /D _MBCS /Gm- /MD /GS /Gy /fp:precise /Zc:wchar_t /Zc:forScope /Zc:inline /Fo"cmTC_07909.dir\Release\\" /Fd"cmTC_07909.dir\Release\vc141.pdb" /Gd /TC /errorReport:queue  /bigobj "D:\CMake\share\cmake-3.13\Modules\CheckFunctionExists.c"
  Microsoft (R) C/C++ Optimizing Compiler Version 19.16.27024.1 for x64
  Copyright (C) Microsoft Corporation.  All rights reserved.
  
  cl /c /W3 /WX- /diagnostics:classic /MP12 /O2 /Ob2 /Oi /D WIN32 /D _WINDOWS /D _CRT_SECURE_NO_DEPRECATE /D _CRT_NONSTDC_NO_DEPRECATE /D _SCL_SECURE_NO_WARNINGS /D CHECK_FUNCTION_EXISTS=sgemm_ /D NDEBUG /D "CMAKE_INTDIR=\"Release\"" /D _MBCS /Gm- /MD /GS /Gy /fp:precise /Zc:wchar_t /Zc:forScope /Zc:inline /Fo"cmTC_07909.dir\Release\\" /Fd"cmTC_07909.dir\Release\vc141.pdb" /Gd /TC /errorReport:queue  /bigobj "D:\CMake\share\cmake-3.13\Modules\CheckFunctionExists.c"
  CheckFunctionExists.c
  
Link:
  D:\Microsoft Visual Studio\2017\Community\VC\Tools\MSVC\14.16.27023\bin\HostX86\x64\link.exe /ERRORREPORT:QUEUE /OUT:"D:\RoadConApp\node_modules\opencv-build\opencv\build\CMakeFiles\CMakeTmp\Release\cmTC_07909.exe" /INCREMENTAL:NO /NOLOGO kernel32.lib user32.lib gdi32.lib winspool.lib shell32.lib ole32.lib oleaut32.lib uuid.lib comdlg32.lib advapi32.lib /MANIFEST /MANIFESTUAC:"level='asInvoker' uiAccess='false'" /manifest:embed /PDB:"D:/RoadConApp/node_modules/opencv-build/opencv/build/CMakeFiles/CMakeTmp/Release/cmTC_07909.pdb" /SUBSYSTEM:CONSOLE /TLBID:1 /DYNAMICBASE /NXCOMPAT /IMPLIB:"D:/RoadConApp/node_modules/opencv-build/opencv/build/CMakeFiles/CMakeTmp/Release/cmTC_07909.lib" /MACHINE:X64  /machine:x64 cmTC_07909.dir\Release\CheckFunctionExists.obj
CheckFunctionExists.obj : error LNK2019: unresolved external symbol sgemm_ referenced in function main [D:\RoadConApp\node_modules\opencv-build\opencv\build\CMakeFiles\CMakeTmp\cmTC_07909.vcxproj]
D:\RoadConApp\node_modules\opencv-build\opencv\build\CMakeFiles\CMakeTmp\Release\cmTC_07909.exe : fatal error LNK1120: 1 unresolved externals [D:\RoadConApp\node_modules\opencv-build\opencv\build\CMakeFiles\CMakeTmp\cmTC_07909.vcxproj]
Done Building Project "D:\RoadConApp\node_modules\opencv-build\opencv\build\CMakeFiles\CMakeTmp\cmTC_07909.vcxproj" (default targets) -- FAILED.

Build FAILED.

"D:\RoadConApp\node_modules\opencv-build\opencv\build\CMakeFiles\CMakeTmp\cmTC_07909.vcxproj" (default target) (1) ->
(Link target) -> 
  CheckFunctionExists.obj : error LNK2019: unresolved external symbol sgemm_ referenced in function main [D:\RoadConApp\node_modules\opencv-build\opencv\build\CMakeFiles\CMakeTmp\cmTC_07909.vcxproj]
  D:\RoadConApp\node_modules\opencv-build\opencv\build\CMakeFiles\CMakeTmp\Release\cmTC_07909.exe : fatal error LNK1120: 1 unresolved externals [D:\RoadConApp\node_modules\opencv-build\opencv\build\CMakeFiles\CMakeTmp\cmTC_07909.vcxproj]

    0 Warning(s)
    2 Error(s)

Time Elapsed 00:00:00.66


Determining if the include file pthread.h exists failed with the following output:
Change Dir: D:/RoadConApp/node_modules/opencv-build/opencv/build/CMakeFiles/CMakeTmp

Run Build Command:"D:/Microsoft Visual Studio/2017/Community/MSBuild/15.0/Bin/MSBuild.exe" "cmTC_3f2c6.vcxproj" "/p:Configuration=Release" "/p:Platform=x64" "/p:VisualStudioVersion=15.0"
Microsoft (R) Build Engine version 15.9.20+g88f5fadfbe for .NET Framework
Copyright (C) Microsoft Corporation. All rights reserved.

Build started 25/11/2018 11:35:34 PM.
Project "D:\RoadConApp\node_modules\opencv-build\opencv\build\CMakeFiles\CMakeTmp\cmTC_3f2c6.vcxproj" on node 1 (default targets).
PrepareForBuild:
  Creating directory "cmTC_3f2c6.dir\Release\".
  Creating directory "D:\RoadConApp\node_modules\opencv-build\opencv\build\CMakeFiles\CMakeTmp\Release\".
  Creating directory "cmTC_3f2c6.dir\Release\cmTC_3f2c6.tlog\".
InitializeBuildStatus:
  Creating "cmTC_3f2c6.dir\Release\cmTC_3f2c6.tlog\unsuccessfulbuild" because "AlwaysCreate" was specified.
ClCompile:
  D:\Microsoft Visual Studio\2017\Community\VC\Tools\MSVC\14.16.27023\bin\HostX86\x64\CL.exe /c /W3 /WX- /diagnostics:classic /MP12 /O2 /Ob2 /Oi /D WIN32 /D _WINDOWS /D _CRT_SECURE_NO_DEPRECATE /D _CRT_NONSTDC_NO_DEPRECATE /D _SCL_SECURE_NO_WARNINGS /D NDEBUG /D "CMAKE_INTDIR=\"Release\"" /D _MBCS /Gm- /MD /GS /Gy /fp:precise /Zc:wchar_t /Zc:forScope /Zc:inline /Fo"cmTC_3f2c6.dir\Release\\" /Fd"cmTC_3f2c6.dir\Release\vc141.pdb" /Gd /TC /errorReport:queue  /bigobj "D:\RoadConApp\node_modules\opencv-build\opencv\build\CMakeFiles\CMakeTmp\CheckIncludeFile.c"
  Microsoft (R) C/C++ Optimizing Compiler Version 19.16.27024.1 for x64
  Copyright (C) Microsoft Corporation.  All rights reserved.
  
  cl /c /W3 /WX- /diagnostics:classic /MP12 /O2 /Ob2 /Oi /D WIN32 /D _WINDOWS /D _CRT_SECURE_NO_DEPRECATE /D _CRT_NONSTDC_NO_DEPRECATE /D _SCL_SECURE_NO_WARNINGS /D NDEBUG /D "CMAKE_INTDIR=\"Release\"" /D _MBCS /Gm- /MD /GS /Gy /fp:precise /Zc:wchar_t /Zc:forScope /Zc:inline /Fo"cmTC_3f2c6.dir\Release\\" /Fd"cmTC_3f2c6.dir\Release\vc141.pdb" /Gd /TC /errorReport:queue  /bigobj "D:\RoadConApp\node_modules\opencv-build\opencv\build\CMakeFiles\CMakeTmp\CheckIncludeFile.c"
  CheckIncludeFile.c
  
D:\RoadConApp\node_modules\opencv-build\opencv\build\CMakeFiles\CMakeTmp\CheckIncludeFile.c(1): fatal error C1083: Cannot open include file: 'pthread.h': No such file or directory [D:\RoadConApp\node_modules\opencv-build\opencv\build\CMakeFiles\CMakeTmp\cmTC_3f2c6.vcxproj]
Done Building Project "D:\RoadConApp\node_modules\opencv-build\opencv\build\CMakeFiles\CMakeTmp\cmTC_3f2c6.vcxproj" (default targets) -- FAILED.

Build FAILED.

"D:\RoadConApp\node_modules\opencv-build\opencv\build\CMakeFiles\CMakeTmp\cmTC_3f2c6.vcxproj" (default target) (1) ->
(ClCompile target) -> 
  D:\RoadConApp\node_modules\opencv-build\opencv\build\CMakeFiles\CMakeTmp\CheckIncludeFile.c(1): fatal error C1083: Cannot open include file: 'pthread.h': No such file or directory [D:\RoadConApp\node_modules\opencv-build\opencv\build\CMakeFiles\CMakeTmp\cmTC_3f2c6.vcxproj]

    0 Warning(s)
    1 Error(s)

Time Elapsed 00:00:00.36


